=== OpenStack Metrics Report - Thu Jul  3 06:26:13 AM UTC 2025 ===
Project: cloud_app

=== DATABASE SERVER METRICS ===
==========================================
Metrics for db-server (ID: 593a0ace-1d33-42b8-be85-173ec243c43b)
==========================================
Available metrics:
Resource found: 593a0ace-1d33-42b8-be85-173ec243c43b
Available metrics: cpu, memory, disk.read.bytes, disk.write.bytes, network.incoming.bytes, network.outgoing.bytes

[0;34m[INFO] Getting CPU metrics for resource 593a0ace-1d33-42b8-be85-173ec243c43b[0m
No cpu data available for resource 593a0ace-1d33-42b8-be85-173ec243c43b

[0;34m[INFO] Getting memory metrics for resource 593a0ace-1d33-42b8-be85-173ec243c43b[0m
No memory data available for resource 593a0ace-1d33-42b8-be85-173ec243c43b

[0;34m[INFO] Getting disk metrics for resource 593a0ace-1d33-42b8-be85-173ec243c43b[0m
No disk.read.bytes data available for resource 593a0ace-1d33-42b8-be85-173ec243c43b
No disk.write.bytes data available for resource 593a0ace-1d33-42b8-be85-173ec243c43b
No disk.read.requests data available for resource 593a0ace-1d33-42b8-be85-173ec243c43b
No disk.write.requests data available for resource 593a0ace-1d33-42b8-be85-173ec243c43b

[0;34m[INFO] Getting network metrics for resource 593a0ace-1d33-42b8-be85-173ec243c43b[0m
No network.incoming.bytes data available for resource 593a0ace-1d33-42b8-be85-173ec243c43b
No network.outgoing.bytes data available for resource 593a0ace-1d33-42b8-be85-173ec243c43b
No network.incoming.packets data available for resource 593a0ace-1d33-42b8-be85-173ec243c43b
No network.outgoing.packets data available for resource 593a0ace-1d33-42b8-be85-173ec243c43b

[0;34m[INFO] Getting instance metrics for resource 593a0ace-1d33-42b8-be85-173ec243c43b[0m
No instance data available for resource 593a0ace-1d33-42b8-be85-173ec243c43b


=== WEB SERVER METRICS ===
==========================================
Metrics for web-server (ID: eb18af10-302a-4a84-a642-27f3e540bc4c)
==========================================
Available metrics:
Resource found: eb18af10-302a-4a84-a642-27f3e540bc4c
Available metrics: cpu, memory, disk.read.bytes, disk.write.bytes, network.incoming.bytes, network.outgoing.bytes

[0;34m[INFO] Getting CPU metrics for resource eb18af10-302a-4a84-a642-27f3e540bc4c[0m
No cpu data available for resource eb18af10-302a-4a84-a642-27f3e540bc4c

[0;34m[INFO] Getting memory metrics for resource eb18af10-302a-4a84-a642-27f3e540bc4c[0m
No memory data available for resource eb18af10-302a-4a84-a642-27f3e540bc4c

[0;34m[INFO] Getting disk metrics for resource eb18af10-302a-4a84-a642-27f3e540bc4c[0m
No disk.read.bytes data available for resource eb18af10-302a-4a84-a642-27f3e540bc4c
No disk.write.bytes data available for resource eb18af10-302a-4a84-a642-27f3e540bc4c
No disk.read.requests data available for resource eb18af10-302a-4a84-a642-27f3e540bc4c
No disk.write.requests data available for resource eb18af10-302a-4a84-a642-27f3e540bc4c

[0;34m[INFO] Getting network metrics for resource eb18af10-302a-4a84-a642-27f3e540bc4c[0m
No network.incoming.bytes data available for resource eb18af10-302a-4a84-a642-27f3e540bc4c
No network.outgoing.bytes data available for resource eb18af10-302a-4a84-a642-27f3e540bc4c
No network.incoming.packets data available for resource eb18af10-302a-4a84-a642-27f3e540bc4c
No network.outgoing.packets data available for resource eb18af10-302a-4a84-a642-27f3e540bc4c

[0;34m[INFO] Getting instance metrics for resource eb18af10-302a-4a84-a642-27f3e540bc4c[0m
No instance data available for resource eb18af10-302a-4a84-a642-27f3e540bc4c


=== END OF METRICS REPORT ===
